<?xml version="1.0" encoding="UTF-8"?>
<!-- Generated by org.testng.reporters.JUnitReportReporter -->
<testsuite hostname="Astha-Jaiswal" failures="0" tests="1" name="checkoutFlowForCatch" time="22.724" errors="0" timestamp="2022-06-27T10:01:07 IST" skipped="0">
  <testcase classname="checkoutFlowForCatch" name="verifyOrderNowFlow" time="22.724"/>
  <system-out/>
</testsuite> <!-- checkoutFlowForCatch -->
